\BOOKMARK [0][-]{chapter.1}{Introduzione}{}% 1
\BOOKMARK [0][-]{chapter.2}{Business Understanding}{}% 2
\BOOKMARK [1][-]{section.2.1}{Background}{chapter.2}% 3
\BOOKMARK [2][-]{subsection.2.1.1}{Risorse}{section.2.1}% 4
\BOOKMARK [2][-]{subsection.2.1.2}{Vincoli}{section.2.1}% 5
\BOOKMARK [2][-]{subsection.2.1.3}{Presupposti}{section.2.1}% 6
\BOOKMARK [1][-]{section.2.2}{Obiettivi di business}{chapter.2}% 7
\BOOKMARK [1][-]{section.2.3}{Criteri di successo}{chapter.2}% 8
\BOOKMARK [1][-]{section.2.4}{Task di data mining}{chapter.2}% 9
\BOOKMARK [1][-]{section.2.5}{Glossario}{chapter.2}% 10
\BOOKMARK [1][-]{section.2.6}{Analisi costi-benefici}{chapter.2}% 11
\BOOKMARK [1][-]{section.2.7}{Piano di progetto}{chapter.2}% 12
\BOOKMARK [0][-]{chapter.3}{Data Understanding}{}% 13
\BOOKMARK [1][-]{section.3.1}{Raccolta dei dati}{chapter.3}% 14
\BOOKMARK [1][-]{section.3.2}{Descrizione dei dati}{chapter.3}% 15
\BOOKMARK [1][-]{section.3.3}{Verifica della qualit\340 dei dati}{chapter.3}% 16
\BOOKMARK [1][-]{section.3.4}{Esplorazione dei dati}{chapter.3}% 17
\BOOKMARK [0][-]{chapter.4}{Data Preparation}{}% 18
\BOOKMARK [1][-]{section.4.1}{Selezione dei dati}{chapter.4}% 19
\BOOKMARK [1][-]{section.4.2}{Sampling}{chapter.4}% 20
\BOOKMARK [1][-]{section.4.3}{Feature selection}{chapter.4}% 21
\BOOKMARK [1][-]{section.4.4}{Pulizia dei dati}{chapter.4}% 22
\BOOKMARK [1][-]{section.4.5}{Costruzione di nuovi dati}{chapter.4}% 23
\BOOKMARK [2][-]{subsection.4.5.1}{SMOTE}{section.4.5}% 24
\BOOKMARK [1][-]{section.4.6}{Integrazione dei dati}{chapter.4}% 25
\BOOKMARK [1][-]{section.4.7}{Formato dei dati}{chapter.4}% 26
\BOOKMARK [0][-]{chapter.5}{Modeling}{}% 27
\BOOKMARK [1][-]{section.5.1}{Tecnica di modeling}{chapter.5}% 28
\BOOKMARK [1][-]{section.5.2}{Rappresentazione del modello}{chapter.5}% 29
\BOOKMARK [1][-]{section.5.3}{Costruzione del modello}{chapter.5}% 30
\BOOKMARK [2][-]{subsection.5.3.1}{Interpretazione del modello}{section.5.3}% 31
\BOOKMARK [1][-]{section.5.4}{Valutazione del modello}{chapter.5}% 32
\BOOKMARK [0][-]{chapter.6}{Evaluation}{}% 33
\BOOKMARK [1][-]{section.6.1}{Valutazione dei risultati}{chapter.6}% 34
\BOOKMARK [2][-]{subsection.6.1.1}{KnowledgeFlow}{section.6.1}% 35
\BOOKMARK [2][-]{subsection.6.1.2}{Configurazioni}{section.6.1}% 36
\BOOKMARK [2][-]{subsection.6.1.3}{Risultati delle configurazioni}{section.6.1}% 37
\BOOKMARK [1][-]{section.6.2}{Analisi dei risultati}{chapter.6}% 38
\BOOKMARK [0][-]{chapter.7}{Deployment}{}% 39
\BOOKMARK [1][-]{section.7.1}{Piano di deployment}{chapter.7}% 40
\BOOKMARK [1][-]{section.7.2}{Monitoraggio e manutenzione}{chapter.7}% 41
